=== Starting basketball data scrapers ===
Data will be saved to: /Users/jlove/Documents/march-mad/cbb/data
EvanMiya output: data/em.csv
KenPom output: data/kp.csv
Barttorvik output: data/bt_mapped.csv
Hasla output: data/hasla_mapped.csv
Spreads lookup: data/spreads_lookup.csv
Totals lookup: data/totals_lookup.csv
Starting EvanMiya scraper...
(node:9538) [DEP0190] DeprecationWarning: Passing args to a child process with shell option true can lead to security vulnerabilities, as the arguments are not escaped, only concatenated.
(Use `node --trace-deprecation ...` to show where the warning was created)
Starting EvanMiya data download process...
Loaded EvanMiya website
No cookie banner found or already accepted
Clicked login button
Login completed
Navigated to Game section
Navigated to Upcoming games
Navigated to game predictions
Clicked download button
File downloaded successfully to: /Users/jlove/Documents/march-mad/cbb/data/em.csv
All columns in CSV: click, home, away, home_rank, away_rank, home_score, away_score, line, vegas_line, ou, vegas_ou, home_win_prob, away_win_prob, Venue, Date, time, bet, color_bet
Will invert the line column values
Fixed spread directions in /Users/jlove/Documents/march-mad/cbb/data/em.csv for line column. Updated 5217 values.
Browser closed
Download completed successfully
EvanMiya scraper completed successfully
Starting KenPom scraper...
Browser launched
Starting to scrape FanMatch data...
Navigating to FanMatch page...
Page loaded but may not be FanMatch, checking content...
FanMatch table not found
Login required. Proceeding with login...
Login attempt 1/3
Using email: Swa...
Waiting for email input field...
Waiting for password input field...
Waiting for submit button...
Filling email field...
Filling password field...
Clicking submit button...
Waiting for navigation after login...
Navigation wait timed out: url.includes is not a function
Current URL after login attempt: https://kenpom.com/fanmatch.php
✓ Logged in successfully
Saved cookies to file
Navigating to FanMatch page...
Page loaded but may not be FanMatch, checking content...
FanMatch table found
Successfully accessed FanMatch
Saved HTML to /Users/jlove/Documents/march-mad/cbb/kenpom-data/fanmatch-initial.html
Currently at: https://kenpom.com/fanmatch.php
Extracted current date from page: November 3, 2025
Saved HTML to /Users/jlove/Documents/march-mad/cbb/kenpom-data/fanmatch-2025-11-03.html
Found 1 day links on the current page
Only one day link found on the page, reached most recent day
Exit condition met (only one day link). Stopping navigation.
All future day links have been processed
Created summary file with 5 HTML files
All scraping actions completed successfully
Running KenPom parser to generate CSV file...
Executing command: uv run /Users/jlove/Documents/march-mad/cbb/src/parsers/kenpom-parser.py --html-dir "/Users/jlove/Documents/march-mad/cbb/kenpom-data" --output "/Users/jlove/Documents/march-mad/cbb/data/kp.csv"
Parser output: Found 5 HTML files to process in /Users/jlove/Documents/march-mad/cbb/kenpom-data
Processing /Users/jlove/Documents/march-mad/cbb/kenpom-data/fanmatch-2025-03-14.html
Successfully parsed 38 games from the HTML content
Added 38 games from fanmatch-2025-03-14.html
Processing /Users/jlove/Documents/march-mad/cbb/kenpom-data/fanmatch-2025-03-15.html
Successfully parsed 3 games from the HTML content
Added 3 games from fanmatch-2025-03-15.html
Processing /Users/jlove/Documents/march-mad/cbb/kenpom-data/fanmatch-2025-04-07.html
Successfully parsed 1 games from the HTML content
Added 1 games from fanmatch-2025-04-07.html
Processing /Users/jlove/Documents/march-mad/cbb/kenpom-data/fanmatch-2025-11-03.html
Successfully parsed 169 games from the HTML content
Added 169 games from fanmatch-2025-11-03.html
Processing /Users/jlove/Documents/march-mad/cbb/kenpom-data/fanmatch-initial.html
Successfully parsed 169 games from the HTML content
Added 169 games from fanmatch-initial.html
Successfully saved 1520 rows (760 games) to /Users/jlove/Documents/march-mad/cbb/data/kp.csv
Also saved detailed JSON data to /Users/jlove/Documents/march-mad/cbb/data/kp.json
Successfully saved 380 games to CSV in transformed format (two rows per game).

CSV data has been generated at: /Users/jlove/Documents/march-mad/cbb/data/kp.csv
Browser closed
KenPom scraper completed successfully
Running EvanMiya data transformer...
Starting transformation of EvanMiya data from /Users/jlove/Documents/march-mad/cbb/data/em.csv
Read 5217 games (20868 rows)
Transformed data written to temporary file
Original file updated with transformed data: /Users/jlove/Documents/march-mad/cbb/data/em.csv
EvanMiya transformer completed successfully
Starting TeamNameMapper UV script...
INFO: === Starting team name mapping ===
INFO: Processing KenPom data from /Users/jlove/Documents/march-mad/cbb/src/transformers/../../data/kp.csv
INFO: Loaded crosswalk from /Users/jlove/Documents/march-mad/cbb/src/transformers/../../data/crosswalk.csv
WARNING: 
Unmapped teams and their occurrence count:
WARNING: - Widener: 4 occurrences
WARNING: - New College of Florida: 4 occurrences
WARNING: - Northwest Indian: 4 occurrences
WARNING: - Oakwood: 4 occurrences
WARNING: - Texas Permian Basin: 4 occurrences
WARNING: - West Coast Baptist: 4 occurrences
WARNING: - Champion Christian: 4 occurrences
WARNING: - Colorado College: 4 occurrences
WARNING: - Farmingdale St.: 4 occurrences
WARNING: - Johnson & Wales NC: 4 occurrences
WARNING: - LeTourneau: 4 occurrences
WARNING: - Nobel: 4 occurrences
WARNING: - Cal Tech: 4 occurrences
WARNING: - Rivier: 4 occurrences
WARNING: - Lincoln CA: 4 occurrences
WARNING: - Willamette: 4 occurrences
WARNING: - SUNY Cobleskill: 4 occurrences
WARNING: - Franklin: 4 occurrences
WARNING: - Bethesda: 4 occurrences
WARNING: - La Sierra: 4 occurrences
WARNING: - La Verne: 4 occurrences
WARNING: - Huston Tillotson: 4 occurrences
WARNING: - Blue Mountain: 4 occurrences
WARNING: - Fresno Pacific: 4 occurrences
WARNING: - SUNY Maritime: 4 occurrences
WARNING: - Mary Baldwin: 4 occurrences
WARNING: - Texas A&M San Antonio: 4 occurrences
WARNING: - Evangel: 4 occurrences
WARNING: - Southern Arkansas: 4 occurrences
WARNING: - Tusculum: 4 occurrences
WARNING: - Washington Adventist: 4 occurrences
WARNING: - New Mexico Highlands: 4 occurrences
WARNING: - Cincinnati Clermont: 4 occurrences
WARNING: - DeSales: 4 occurrences
WARNING: - Millsaps: 4 occurrences
WARNING: - Florida National: 4 occurrences
WARNING: - McKendree: 4 occurrences
WARNING: - NVU Johnson: 4 occurrences
WARNING: - Fisk: 4 occurrences
WARNING: - Oklahoma Christian: 4 occurrences
WARNING: - Menlo: 4 occurrences
WARNING: - UNT Dallas: 4 occurrences
WARNING: - Union: 4 occurrences
WARNING: - Hawaii Pacific: 4 occurrences
WARNING: - Paine: 4 occurrences
WARNING: - Kentucky Christian: 4 occurrences
WARNING: - Erskine: 4 occurrences
WARNING: - Westminster UT: 4 occurrences
WARNING: - Northern St.: 4 occurrences
WARNING: - Mount Olive: 4 occurrences
WARNING: - Western New England: 4 occurrences
WARNING: - Trinity TX: 4 occurrences
WARNING: - Life Pacific: 4 occurrences
WARNING: - UC Santa Cruz: 4 occurrences
WARNING: - Biblical Studies: 4 occurrences
WARNING: - McMurry: 4 occurrences
WARNING: - Midway: 4 occurrences
WARNING: - Georgian Court: 4 occurrences
WARNING: - Thomas ME: 4 occurrences
WARNING: - Arlington Baptist: 4 occurrences
WARNING: - Bryan: 4 occurrences
WARNING: 
Dropped 496 rows due to mapping issues
INFO: Successfully mapped 1024 games
INFO: Saved mapped KenPom data to /Users/jlove/Documents/march-mad/cbb/src/transformers/../../data/kp_mapped.csv
INFO: Processing EvanMiya data from /Users/jlove/Documents/march-mad/cbb/src/transformers/../../data/em.csv
WARNING: 
Dropped 112 rows due to mapping issues
INFO: Saved mapped EvanMiya data to /Users/jlove/Documents/march-mad/cbb/src/transformers/../../data/em_mapped.csv
INFO: === Team name mapping completed ===
TeamNameMapper script completed successfully
Starting Barttorvik UV script...
Initializing Barttorvik scraper (Selenium)
Scraping 10 days of Barttorvik data
  Fetching 20251103 (day 1/10)
    ✓ Found 169 games
  Fetching 20251104 (day 2/10)
    ✓ Found 36 games
  Fetching 20251105 (day 3/10)
    ✓ Found 35 games
  Fetching 20251106 (day 4/10)
    ✓ Found 43 games
  Fetching 20251107 (day 5/10)
    ✓ Found 76 games
  Fetching 20251108 (day 6/10)
    ✓ Found 68 games
  Fetching 20251109 (day 7/10)
    ✓ Found 34 games
  Fetching 20251110 (day 8/10)
    ✓ Found 38 games
  Fetching 20251111 (day 9/10)
    ✓ Found 82 games
  Fetching 20251112 (day 10/10)
    ✓ Found 54 games

✓ Total: 635 games across 10 days

Mapping team names...

Unmapped teams and their occurrence count:
- Adams St.: 4 occurrences
- Allegheny: 4 occurrences
- Arkansas Baptist: 4 occurrences
- Arlington Baptist: 8 occurrences
- Averett: 4 occurrences
- Belmont Abbey: 4 occurrences
- Bethany (WV): 4 occurrences
- Bethesda (CA): 12 occurrences
- Biblical Stud. (TX): 16 occurrences
- Blue Mountain (MS): 4 occurrences
- Bluefield St.: 4 occurrences
- Bluefield Univ.: 4 occurrences
- Bob Jones: 4 occurrences
- Bryan: 4 occurrences
- Cal Poly Humboldt: 4 occurrences
- Caldwell: 4 occurrences
- Caltech: 4 occurrences
- Calumet Col.: 4 occurrences
- Capital: 4 occurrences
- CarolinaU: 4 occurrences
- Catawba: 4 occurrences
- Central Penn: 4 occurrences
- Champion Chris.: 8 occurrences
- Cleary: 4 occurrences
- Coastal Georgia: 4 occurrences
- Colorado Christian: 4 occurrences
- Colorado Col.: 4 occurrences
- Columbia Int'l: 4 occurrences
- Converse: 4 occurrences
- Curry: 4 occurrences
- Dakota St.: 4 occurrences
- Dallas: 4 occurrences
- DeSales: 4 occurrences
- Dickinson: 4 occurrences
- District of Columbia: 4 occurrences
- Dominican: 4 occurrences
- Dominican (IL): 4 occurrences
- East-West U.: 4 occurrences
- Ecclesia: 4 occurrences
- Emmanuel (MA): 4 occurrences
- Erskine: 4 occurrences
- Evangel: 4 occurrences
- Farmingdale St.: 4 occurrences
- Fisk: 4 occurrences
- Florida National: 4 occurrences
- Fort Lauderdale: 4 occurrences
- Franklin: 4 occurrences
- Fresno Pacific: 4 occurrences
- Georgian Court: 4 occurrences
- Hanover: 4 occurrences
- Hawaii Pacific: 4 occurrences
- Huntingdon: 4 occurrences
- Huston-Tillotson: 4 occurrences
- IIT: 4 occurrences
- IU Columbus: 4 occurrences
- JWU Charlotte: 4 occurrences
- Jarvis Christian: 4 occurrences
- Jessup: 4 occurrences
- John Brown: 4 occurrences
- Justice Col.: 4 occurrences
- Ky. Christian: 8 occurrences
- LIFE Pacific: 8 occurrences
- La Sierra: 4 occurrences
- La Verne: 4 occurrences
- LaGrange: 4 occurrences
- Lane: 4 occurrences
- LeTourneau: 4 occurrences
- Lincoln (CA): 12 occurrences
- Lynchburg: 4 occurrences
- Lyon: 4 occurrences
- MIT: 4 occurrences
- MUW: 4 occurrences
- Mansfield: 4 occurrences
- Mary Baldwin: 4 occurrences
- Mayville St.: 4 occurrences
- McKendree: 4 occurrences
- McMurry: 4 occurrences
- Menlo: 4 occurrences
- Merchant Marine: 4 occurrences
- Mid-Atlantic Christ.: 4 occurrences
- Midway: 8 occurrences
- Milligan: 4 occurrences
- Millsaps: 4 occurrences
- Missouri Southern: 4 occurrences
- Molloy: 4 occurrences
- Mount Olive: 4 occurrences
- Mt. St. Mary (NY): 4 occurrences
- N.M. Highlands: 8 occurrences
- New College (FL): 4 occurrences
- Nobel: 4 occurrences
- Non-DI: 4 occurrences
- Northern St.: 4 occurrences
- Northwest Indian: 12 occurrences
- Northwestern Okla.: 4 occurrences
- Northwood: 4 occurrences
- Oakland City: 4 occurrences
- Oakwood: 8 occurrences
- Occidental: 4 occurrences
- Okla. Christian: 4 occurrences
- Ottawa (AZ): 4 occurrences
- Ozark Christian: 4 occurrences
- Pacific Lutheran: 4 occurrences
- Paine: 4 occurrences
- Park (AZ): 4 occurrences
- Penn St.-Abington: 4 occurrences
- Penn St.-New Kens.: 4 occurrences
- Penn St.-Shenango: 8 occurrences
- Penn State York: 4 occurrences
- Pensacola Christian: 4 occurrences
- Plattsburgh St.: 4 occurrences
- Point: 4 occurrences
- RIT: 4 occurrences
- Randolph: 4 occurrences
- Regent: 4 occurrences
- Reinhardt: 4 occurrences
- Ripon: 4 occurrences
- Rivier: 4 occurrences
- Rowan: 4 occurrences
- Rust: 4 occurrences
- S'western Adventist: 4 occurrences
- SUNY Delhi: 4 occurrences
- SUNY Maritime: 4 occurrences
- San Francisco St.: 4 occurrences
- Simpson: 4 occurrences
- Southern Ark.: 4 occurrences
- Southern Va.: 8 occurrences
- Southern-N.O.: 4 occurrences
- Southwestern Christ.: 4 occurrences
- Spring Hill: 4 occurrences
- St. Francis (IL): 4 occurrences
- St. Joseph's (Brkln): 4 occurrences
- St. Joseph's LI: 4 occurrences
- St. Scholastica: 4 occurrences
- Suny Cobleskill: 4 occurrences
- TAMU-San Antonio: 8 occurrences
- Thomas (ME): 4 occurrences
- Tougaloo: 4 occurrences
- Trinity (FL): 4 occurrences
- Trinity (TX): 4 occurrences
- Trinity Christian: 4 occurrences
- Tusculum: 4 occurrences
- UC Clermont: 4 occurrences
- UC Santa Cruz: 4 occurrences
- UHSP: 4 occurrences
- UNT Dallas: 4 occurrences
- Union Commonwealth: 4 occurrences
- VTSU-Johnson: 4 occurrences
- Valley Forge: 4 occurrences
- Vassar: 4 occurrences
- Virginia-Lynchburg: 12 occurrences
- Wash. & Lee: 4 occurrences
- Washington Adventist: 4 occurrences
- Webster: 8 occurrences
- West Coast Baptist: 8 occurrences
- West Va. Wesleyan: 4 occurrences
- Western New Eng.: 4 occurrences
- Western New Mexico: 4 occurrences
- Westminster (UT): 8 occurrences
- Whitman: 4 occurrences
- Whittier: 4 occurrences
- Widener: 4 occurrences
- Willamette: 4 occurrences
- Wilmington DE: 4 occurrences
- Wilson: 4 occurrences

⚠ Dropped 752 rows due to mapping issues

✓ Saved to: /Users/jlove/Documents/march-mad/cbb/data/bt_mapped.csv
Final shape: (1788, 7)
✓ Chrome driver closed

✓ Barttorvik scraper completed successfully
Barttorvik script completed successfully
Starting Hasla UV script...
=== Starting Hasla scraper ===
[cyan]Initializing Chrome driver with headless options[/cyan]
[cyan]Navigating to Hasla Metrics page[/cyan]
[green]✓[/green] Captured initial day's games
[cyan]Selecting date offset: 1[/cyan]
[green]✓[/green] Captured games for date offset 1
[cyan]Selecting date offset: 2[/cyan]
[green]✓[/green] Captured games for date offset 2
[cyan]Extracting game data from all pages[/cyan]
                     Hasla Metrics Data Summary                      
┏━━━━━━━━━━━━┳━━━━━━━━━━━━━┳━━━━━━━━━━━━━━━━━━━━┳━━━━━━━━━━━━━━━━━━━┓
┃ Date       ┃ Games Found ┃ Games with Spreads ┃ Games with Totals ┃
┡━━━━━━━━━━━━╇━━━━━━━━━━━━━╇━━━━━━━━━━━━━━━━━━━━╇━━━━━━━━━━━━━━━━━━━┩
│ 2025-11-03 │ 54          │ 0                  │ 108               │
│ 2025-11-04 │ 10          │ 0                  │ 20                │
│ 2025-11-05 │ 7           │ 0                  │ 14                │
└────────────┴─────────────┴────────────────────┴───────────────────┘
[green]✓[/green] Found 142 potential valid games across all dates
Processing game: Lehigh vs Houston (Scores: 51.08-83.47)
Processing game: New Haven vs UConn (Scores: 51.17-88.05)
Processing game: Arizona vs Florida (Scores: 80.60-79.88)
Processing game: Mercer vs Tennessee (Scores: 56.84-85.91)
Processing game: North Dakota vs Alabama (Scores: 66.47-99.97)
Processing game: Bethune-Cookman vs Auburn (Scores: 61.39-87.56)
Processing game: Fair. Dickinson vs Iowa State (Scores: 57.76-92.32)
Processing game: BYU vs Villanova (Scores: 75.80-69.80)
Processing game: Texas Southern vs Gonzaga (Scores: 63.19-91.30)
Processing game: Campbell vs Wisconsin (Scores: 61.28-83.07)
Processing game: Quinnipiac vs St. John's (Scores: 65.42-88.17)
Processing game: Jackson State vs Illinois (Scores: 64.19-89.28)
Processing game: Green Bay vs Kansas (Scores: 59.74-90.31)
Processing game: E. Washington vs UCLA (Scores: 60.15-81.89)
Processing game: UTRGV vs Baylor (Scores: 61.58-85.07)
Processing game: Colgate vs Michigan State (Scores: 61.83-83.09)
Processing game: Cent. Arkansas vs North Carolina (Scores: 58.61-91.75)
Processing game: Southern vs Arkansas (Scores: 63.14-85.02)
Processing game: Oakland vs Michigan (Scores: 62.16-82.55)
Processing game: Maryland vs Coppin State (Scores: 88.91-56.38)
Processing game: Albany vs Marquette (Scores: 60.34-85.27)
Processing game: UNH vs Clemson (Scores: 55.22-83.04)
Processing game: IU Indianapolis vs Ohio State (Scores: 56.87-87.26)
Processing game: Missouri vs Howard (Scores: 86.00-67.75)
Processing game: Northwestern St. vs Texas A&M (Scores: 58.45-78.18)
Processing game: Cal Poly vs USC (Scores: 68.97-92.51)
Processing game: St. Thomas vs Saint Mary's (Scores: 60.76-75.90)
Processing game: S. Carolina St. vs Louisville (Scores: 62.53-87.16)
Processing game: West Georgia vs Nebraska (Scores: 60.41-86.46)
Processing game: Lipscomb vs Vanderbilt (Scores: 65.42-82.96)
Processing game: SE Louisiana vs Ole Miss (Scores: 63.05-81.18)
Processing game: Mercyhurst vs Northwestern (Scores: 54.90-80.47)
Processing game: New Orleans vs TCU (Scores: 59.55-86.47)
Processing game: Tarleton vs SMU (Scores: 61.11-81.42)
Processing game: W. Carolina vs Cincinnati (Scores: 62.00-83.28)
Processing game: Bellarmine vs Georgia (Scores: 59.64-84.26)
Processing game: Holy Cross vs Providence (Scores: 60.01-82.87)
Processing game: Wagner vs VCU (Scores: 51.49-75.85)
Processing game: St. Francis (PA) vs Oklahoma (Scores: 60.27-86.79)
Processing game: Marist vs Xavier (Scores: 61.15-79.31)
Processing game: American vs Wake Forest (Scores: 58.84-77.18)
Processing game: Youngstown St. vs Pittsburgh (Scores: 65.86-79.69)
Processing game: NC Central vs NC State (Scores: 63.05-82.54)
Processing game: AR-Pine Bluff vs Washington (Scores: 63.03-92.91)
Processing game: Fairfield vs Penn State (Scores: 64.09-84.42)
Processing game: Canisius vs Dayton (Scores: 61.10-82.13)
Processing game: Incarnate Word vs Colorado State (Scores: 63.20-76.87)
Processing game: Rider vs Virginia (Scores: 57.08-74.95)
Processing game: Wofford vs George Mason (Scores: 60.48-75.28)
Processing game: Long Island vs Notre Dame (Scores: 61.27-76.21)
Processing game: San Jose State vs Utah (Scores: 66.83-78.61)
Processing game: Montana State vs Colorado (Scores: 63.99-77.75)
Processing game: Hofstra vs UCF (Scores: 67.78-78.70)
Processing game: Charleston So. vs Virginia Tech (Scores: 61.48-79.56)
Processing game: Maine vs G. Washington (Scores: 62.70-78.14)
Processing game: Jacksonville vs Miami (Scores: 65.97-80.44)
Processing game: St. Peter's vs Seton Hall (Scores: 57.39-72.17)
Processing game: Binghamton vs Syracuse (Scores: 62.76-80.74)
Processing game: SE Missouri St. vs Saint Louis (Scores: 66.85-80.15)
Processing game: UMES vs Georgia Tech (Scores: 60.60-83.09)
Processing game: Fort Wayne vs Grand Canyon (Scores: 71.95-83.35)
Processing game: Bradley vs St. Bonaventure (Scores: 70.02-66.87)
Processing game: Gardner-Webb vs Minnesota (Scores: 63.24-78.78)
Processing game: Drake vs N. Arizona (Scores: 71.47-62.11)
Processing game: Florida A&M vs USF (Scores: 63.00-83.21)
Processing game: Miss. Valley St. vs UAB (Scores: 55.90-87.96)
Processing game: Chicago State vs DePaul (Scores: 65.97-80.18)
Processing game: CSU Bakersfield vs California (Scores: 65.58-79.96)
Processing game: Niagara vs Duquesne (Scores: 60.11-76.88)
Processing game: Lafayette vs Saint Joe's (Scores: 64.20-77.31)
Processing game: JMU vs Akron (Scores: 74.49-77.42)
Processing game: Idaho vs Washington St. (Scores: 70.58-80.95)
Processing game: Samford vs Tulane (Scores: 71.15-78.17)
Processing game: High Point vs Furman (Scores: 73.38-70.84)
Processing game: North Dakota St. vs Oregon State (Scores: 65.33-73.07)
Processing game: Boston College vs FAU (Scores: 72.40-77.06)
Processing game: Cleveland State vs Loyola-Chicago (Scores: 64.57-74.98)
Processing game: Morgan State vs Georgetown (Scores: 67.12-85.03)
Processing game: Air Force vs Belmont (Scores: 66.61-80.49)
Processing game: Troy vs Kent State (Scores: 66.73-70.47)
Processing game: Stetson vs URI (Scores: 67.66-83.44)
Processing game: Arkansas State vs Ohio (Scores: 75.37-78.70)
Processing game: Towson vs Loyola (MD) (Scores: 72.45-64.63)
Processing game: Murray State vs Omaha (Scores: 72.16-71.60)
Processing game: Indiana State vs Charlotte (Scores: 75.88-77.62)
Processing game: Tenn. Tech vs W. Kentucky (Scores: 69.49-82.78)
Processing game: Denver vs Seattle (Scores: 63.48-75.23)
Processing game: Marshall vs UMass (Scores: 72.70-77.52)
Processing game: W. Illinois vs Radford (Scores: 61.37-74.83)
Processing game: Detroit Mercy vs UIC (Scores: 67.55-77.80)
Processing game: South Alabama vs Toledo (Scores: 69.43-72.09)
Processing game: USC Upstate vs Cal Baptist (Scores: 69.96-82.97)
Processing game: Winthrop vs Queens (Scores: 78.40-78.21)
Processing game: Old Dominion vs Miami (OH) (Scores: 70.96-75.70)
Processing game: South Dakota St. vs Merrimack (Scores: 72.11-68.26)
Processing game: Texas State vs Bowling Green (Scores: 73.54-72.34)
Processing game: Louisiana vs Ball State (Scores: 71.19-71.01)
Processing game: Appalachian St. vs Cent. Michigan (Scores: 68.72-66.03)
Processing game: Hampton vs Milwaukee (Scores: 67.83-74.03)
Processing game: Boston U vs Northeastern (Scores: 66.74-70.17)
Processing game: Navy vs Presbyterian (Scores: 69.06-70.50)
Processing game: Bryant vs Siena (Scores: 72.18-76.38)
Processing game: Delaware vs Bucknell (Scores: 73.49-76.60)
Processing game: Georgia State vs E. Michigan (Scores: 73.37-75.46)
Processing game: Southern Miss vs Buffalo (Scores: 77.32-77.05)
Processing game: Utah Tech vs South Dakota (Scores: 77.88-82.28)
Processing game: Coast. Carolina vs W. Michigan (Scores: 67.05-71.66)
Processing game: UL Monroe vs N. Illinois (Scores: 71.27-75.81)
Processing game: Duke vs Texas (Scores: 76.28-69.58)
Processing game: Evansville vs Purdue (Scores: 56.28-83.62)
Processing game: Nicholls vs Kentucky (Scores: 64.74-91.73)
Processing game: Lindenwood vs Texas Tech (Scores: 59.89-85.97)
Processing game: Long Beach St. vs San Diego State (Scores: 56.87-77.91)
Processing game: Hawaii vs Oregon (Scores: 65.31-78.23)
Processing game: Robert Morris vs Iowa (Scores: 66.64-84.18)
Processing game: UNCG vs Kansas State (Scores: 60.48-76.50)
Processing game: Mt. St. Mary's vs West Virginia (Scores: 59.40-78.04)
Processing game: LA Tech vs Nevada (Scores: 62.94-72.41)
Processing game: Southern Utah vs Arizona State (Scores: 65.77-83.50)
Processing game: UT Martin vs UNLV (Scores: 62.43-77.87)
Processing game: Oral Roberts vs Oklahoma State (Scores: 67.92-84.79)
Processing game: Portland State vs Stanford (Scores: 65.33-78.19)
Processing game: NC A&T vs South Carolina (Scores: 60.06-81.28)
Processing game: Alcorn State vs Florida State (Scores: 62.21-80.86)
Processing game: UNC Asheville vs Wichita State (Scores: 71.80-78.40)
Processing game: NJIT vs Fordham (Scores: 65.16-78.55)
Processing game: GA Southern vs ECU (Scores: 69.46-77.02)
Processing game: E. Illinois vs Valparaiso (Scores: 67.99-73.10)
Processing game: South Dakota vs Creighton (Scores: 66.83-95.08)
Processing game: Southern vs Marquette (Scores: 61.99-82.92)
Processing game: North Alabama vs Mississippi St. (Scores: 65.32-83.31)
Processing game: Alabama A&M vs Indiana (Scores: 61.75-88.45)
Processing game: UMES vs Georgia (Scores: 56.56-84.05)
Processing game: Tarleton vs LSU (Scores: 60.30-78.34)
Processing game: S. Indiana vs Butler (Scores: 64.19-83.12)
Processing game: Rider vs Rutgers (Scores: 63.50-81.65)
Processing game: East Texas A&M vs New Mexico (Scores: 63.31-84.18)
Processing game: Delaware State vs Temple (Scores: 67.86-83.63)
Processing game: E. Washington vs Loyola Marymount (Scores: 67.59-75.36)
Processing game: Coppin State vs La Salle (Scores: 61.47-81.61)
Processing game: North Dakota St. vs UC Davis (Scores: 69.03-70.37)
Processing game: USC Upstate vs Fresno State (Scores: 75.40-84.22)
┏━━━━━┳━━━━━━━━━━━━━━━━━━━━━━━━━━━━━━━━━━━━━━━━━━━━━━━━━━━━━━━━━━━━┳━━━━━┳━━━━━┓
┃ Da… ┃ Matchup                                                    ┃ Sp… ┃ To… ┃
┡━━━━━╇━━━━━━━━━━━━━━━━━━━━━━━━━━━━━━━━━━━━━━━━━━━━━━━━━━━━━━━━━━━━╇━━━━━╇━━━━━┩
│ 11… │ =========================================================… │     │     │
│     │ Houston @ Lehigh                                           │ +3… │ 13… │
│     │ UConn @ New Haven                                          │ +3… │ 13… │
│     │ Florida @ Arizona                                          │ -0… │ 16… │
│     │ Tennessee @ Mercer                                         │ +2… │ 14… │
│     │ Alabama @ North Dakota                                     │ +3… │ 16… │
│     │ Auburn @ Bethune-Cookman                                   │ +2… │ 14… │
│     │ Iowa State @ Fair. Dickinson                               │ +3… │ 15… │
│     │ Villanova @ BYU                                            │ -6… │ 14… │
│     │ Gonzaga @ Texas Southern                                   │ +2… │ 15… │
│     │ Wisconsin @ Campbell                                       │ +2… │ 14… │
│     │ St. John's @ Quinnipiac                                    │ +2… │ 15… │
│     │ Illinois @ Jackson State                                   │ +2… │ 15… │
│     │ Kansas @ Green Bay                                         │ +3… │ 15… │
│     │ UCLA @ E. Washington                                       │ +2… │ 14… │
│     │ Baylor @ UTRGV                                             │ +2… │ 14… │
│     │ Michigan State @ Colgate                                   │ +2… │ 14… │
│     │ North Carolina @ Cent. Arkansas                            │ +3… │ 15… │
│     │ Arkansas @ Southern                                        │ +2… │ 14… │
│     │ Michigan @ Oakland                                         │ +2… │ 14… │
│     │ Coppin State @ Maryland                                    │ -3… │ 14… │
│     │ Marquette @ Albany                                         │ +2… │ 14… │
│     │ Clemson @ UNH                                              │ +2… │ 13… │
│     │ Ohio State @ IU Indianapolis                               │ +3… │ 14… │
│     │ Howard @ Missouri                                          │ -1… │ 15… │
│     │ Texas A&M @ Northwestern St.                               │ +1… │ 13… │
│     │ USC @ Cal Poly                                             │ +2… │ 16… │
│     │ Saint Mary's @ St. Thomas                                  │ +1… │ 13… │
│     │ Louisville @ S. Carolina St.                               │ +2… │ 14… │
│     │ Nebraska @ West Georgia                                    │ +2… │ 14… │
│     │ Vanderbilt @ Lipscomb                                      │ +1… │ 14… │
│     │ Ole Miss @ SE Louisiana                                    │ +1… │ 14… │
│     │ Northwestern @ Mercyhurst                                  │ +2… │ 13… │
│     │ TCU @ New Orleans                                          │ +2… │ 14… │
│     │ SMU @ Tarleton                                             │ +2… │ 14… │
│     │ Cincinnati @ W. Carolina                                   │ +2… │ 14… │
│     │ Georgia @ Bellarmine                                       │ +2… │ 14… │
│     │ Providence @ Holy Cross                                    │ +2… │ 14… │
│     │ VCU @ Wagner                                               │ +2… │ 12… │
│     │ Oklahoma @ St. Francis (PA)                                │ +2… │ 14… │
│     │ Xavier @ Marist                                            │ +1… │ 14… │
│     │ Wake Forest @ American                                     │ +1… │ 13… │
│     │ Pittsburgh @ Youngstown St.                                │ +1… │ 14… │
│     │ NC State @ NC Central                                      │ +1… │ 14… │
│     │ Washington @ AR-Pine Bluff                                 │ +2… │ 15… │
│     │ Penn State @ Fairfield                                     │ +2… │ 14… │
│     │ Dayton @ Canisius                                          │ +2… │ 14… │
│     │ Colorado State @ Incarnate Word                            │ +1… │ 14… │
│     │ Virginia @ Rider                                           │ +1… │ 13… │
│     │ George Mason @ Wofford                                     │ +1… │ 13… │
│     │ Notre Dame @ Long Island                                   │ +1… │ 13… │
│     │ Utah @ San Jose State                                      │ +1… │ 14… │
│     │ Colorado @ Montana State                                   │ +1… │ 14… │
│     │ UCF @ Hofstra                                              │ +1… │ 14… │
│     │ Virginia Tech @ Charleston So.                             │ +1… │ 14… │
│     │ G. Washington @ Maine                                      │ +1… │ 14… │
│     │ Miami @ Jacksonville                                       │ +1… │ 14… │
│     │ Seton Hall @ St. Peter's                                   │ +1… │ 12… │
│     │ Syracuse @ Binghamton                                      │ +1… │ 14… │
│     │ Saint Louis @ SE Missouri St.                              │ +1… │ 14… │
│     │ Georgia Tech @ UMES                                        │ +2… │ 14… │
│     │ Grand Canyon @ Fort Wayne                                  │ +1… │ 15… │
│     │ St. Bonaventure @ Bradley                                  │ -3… │ 13… │
│     │ Minnesota @ Gardner-Webb                                   │ +1… │ 14… │
│     │ N. Arizona @ Drake                                         │ -9… │ 13… │
│     │ USF @ Florida A&M                                          │ +2… │ 14… │
│     │ UAB @ Miss. Valley St.                                     │ +3… │ 14… │
│     │ DePaul @ Chicago State                                     │ +1… │ 14… │
│     │ California @ CSU Bakersfield                               │ +1… │ 14… │
│     │ Duquesne @ Niagara                                         │ +1… │ 13… │
│     │ Saint Joe's @ Lafayette                                    │ +1… │ 14… │
│     │ Akron @ JMU                                                │ +2… │ 15… │
│     │ Washington St. @ Idaho                                     │ +1… │ 15… │
│     │ Tulane @ Samford                                           │ +7… │ 14… │
│     │ Furman @ High Point                                        │ -2… │ 14… │
│     │ Oregon State @ North Dakota St.                            │ +7… │ 13… │
│     │ FAU @ Boston College                                       │ +4… │ 14… │
│     │ Loyola-Chicago @ Cleveland State                           │ +1… │ 13… │
│     │ Georgetown @ Morgan State                                  │ +1… │ 15… │
│     │ Belmont @ Air Force                                        │ +1… │ 14… │
│     │ Kent State @ Troy                                          │ +3… │ 13… │
│     │ URI @ Stetson                                              │ +1… │ 15… │
│     │ Ohio @ Arkansas State                                      │ +3… │ 15… │
│     │ Loyola (MD) @ Towson                                       │ -7… │ 13… │
│     │ Omaha @ Murray State                                       │ -0… │ 14… │
│     │ Charlotte @ Indiana State                                  │ +1… │ 15… │
│     │ W. Kentucky @ Tenn. Tech                                   │ +1… │ 15… │
│     │ Seattle @ Denver                                           │ +1… │ 13… │
│     │ UMass @ Marshall                                           │ +4… │ 15… │
│     │ Radford @ W. Illinois                                      │ +1… │ 13… │
│     │ UIC @ Detroit Mercy                                        │ +1… │ 14… │
│     │ Toledo @ South Alabama                                     │ +2… │ 14… │
│     │ Cal Baptist @ USC Upstate                                  │ +1… │ 15… │
│     │ Queens @ Winthrop                                          │ -0… │ 15… │
│     │ Miami (OH) @ Old Dominion                                  │ +4… │ 14… │
│     │ Merrimack @ South Dakota St.                               │ -3… │ 14… │
│     │ Bowling Green @ Texas State                                │ -1… │ 14… │
│     │ Ball State @ Louisiana                                     │ -0… │ 14… │
│     │ Cent. Michigan @ Appalachian St.                           │ -2… │ 13… │
│     │ Milwaukee @ Hampton                                        │ +6… │ 14… │
│     │ Northeastern @ Boston U                                    │ +3… │ 13… │
│     │ Presbyterian @ Navy                                        │ +1… │ 13… │
│     │ Siena @ Bryant                                             │ +4… │ 14… │
│     │ Bucknell @ Delaware                                        │ +3… │ 15… │
│     │ E. Michigan @ Georgia State                                │ +2… │ 14… │
│     │ Buffalo @ Southern Miss                                    │ -0… │ 15… │
│     │ South Dakota @ Utah Tech                                   │ +4… │ 16… │
│     │ W. Michigan @ Coast. Carolina                              │ +4… │ 13… │
│     │ N. Illinois @ UL Monroe                                    │ +4… │ 14… │
│     │ Texas @ Duke                                               │ -6… │ 14… │
│     │ Purdue @ Evansville                                        │ +2… │ 13… │
│     │ Kentucky @ Nicholls                                        │ +2… │ 15… │
│     │ Texas Tech @ Lindenwood                                    │ +2… │ 14… │
│     │ San Diego State @ Long Beach St.                           │ +2… │ 13… │
│     │ Oregon @ Hawaii                                            │ +1… │ 14… │
│     │ Iowa @ Robert Morris                                       │ +1… │ 15… │
│     │ Kansas State @ UNCG                                        │ +1… │ 13… │
│     │ West Virginia @ Mt. St. Mary's                             │ +1… │ 13… │
│     │ Nevada @ LA Tech                                           │ +9… │ 13… │
│     │ Arizona State @ Southern Utah                              │ +1… │ 14… │
│     │ UNLV @ UT Martin                                           │ +1… │ 14… │
│     │ Oklahoma State @ Oral Roberts                              │ +1… │ 15… │
│     │ Stanford @ Portland State                                  │ +1… │ 14… │
│     │ South Carolina @ NC A&T                                    │ +2… │ 14… │
│     │ Florida State @ Alcorn State                               │ +1… │ 14… │
│     │ Wichita State @ UNC Asheville                              │ +6… │ 15… │
│     │ Fordham @ NJIT                                             │ +1… │ 14… │
│     │ ECU @ GA Southern                                          │ +7… │ 14… │
│     │ Valparaiso @ E. Illinois                                   │ +5… │ 14… │
│     │ Creighton @ South Dakota                                   │ +2… │ 16… │
│     │ Marquette @ Southern                                       │ +2… │ 14… │
│     │ Mississippi St. @ North Alabama                            │ +1… │ 14… │
│     │ Indiana @ Alabama A&M                                      │ +2… │ 15… │
│     │ Georgia @ UMES                                             │ +2… │ 14… │
│     │ LSU @ Tarleton                                             │ +1… │ 13… │
│     │ Butler @ S. Indiana                                        │ +1… │ 14… │
│     │ Rutgers @ Rider                                            │ +1… │ 14… │
│     │ New Mexico @ East Texas A&M                                │ +2… │ 14… │
│     │ Temple @ Delaware State                                    │ +1… │ 15… │
│     │ Loyola Marymount @ E. Washington                           │ +7… │ 14… │
│     │ La Salle @ Coppin State                                    │ +2… │ 14… │
│     │ UC Davis @ North Dakota St.                                │ +1… │ 13… │
│     │ Fresno State @ USC Upstate                                 │ +8… │ 15… │
└─────┴────────────────────────────────────────────────────────────┴─────┴─────┘
[green]✓[/green] Successfully created DataFrame with 142 games

DataFrame Info:
[cyan]Home Team:[/cyan] 568 non-null values, dtype: object
[cyan]Away Team:[/cyan] 568 non-null values, dtype: object
[cyan]Team:[/cyan] 568 non-null values, dtype: object
[cyan]Game Date:[/cyan] 568 non-null values, dtype: object
[cyan]spread_hasla:[/cyan] 568 non-null values, dtype: float64
[cyan]win_prob_hasla:[/cyan] 0 non-null values, dtype: object
[cyan]projected_total_hasla:[/cyan] 568 non-null values, dtype: float64
[green]✓[/green] Chrome driver closed

[cyan]Mapping team names...[/cyan]

Unmapped teams and their occurrence count:
- St. Francis (PA): 2 occurrences
- Loyola (MD): 2 occurrences
[yellow]⚠[/yellow] Dropped 12 rows due to mapping issues

[cyan]Final DataFrame State:[/cyan]
[green]Home Team:[/green] 556 non-null values, dtype: object
[green]Away Team:[/green] 556 non-null values, dtype: object
[green]Team:[/green] 556 non-null values, dtype: object
[green]Game Date:[/green] 556 non-null values, dtype: object
[green]spread_hasla:[/green] 556 non-null values, dtype: float64
[green]win_prob_hasla:[/green] 0 non-null values, dtype: object
[green]projected_total_hasla:[/green] 556 non-null values, dtype: float64

[cyan]Sorting DataFrame by Game Date...[/cyan]
[green]✓[/green] DataFrame sorted by Game Date
[green]✓[/green] Saved Hasla data to: /Users/jlove/Documents/march-mad/cbb/data/hasla_mapped.csv
Final dataframe shape: (556, 7)
=== Hasla scraper completed successfully ===
Hasla script completed successfully
Joining KenPom, EvanMiya, Barttorvik, and Hasla datasets...
Read 1024 records from kp_mapped.csv
Read 20756 records from em_mapped.csv
Read 1788 records from bt_mapped.csv
Read 556 records from hasla_mapped.csv
Left join produced 1024 records
Left join with Barttorvik produced 1024 records with 856 Barttorvik matches
Left join with Hasla produced 1024 records with 840 Hasla matches
Successfully wrote 1024 records to combined_data.csv
Starting OddsAPI UV script...
[00:24:29] INFO     === Starting OddsAPI script ===              oddsAPI.py:1007
           INFO     === Starting OddsAPI ETL process ===          oddsAPI.py:970
           INFO     [cyan]Fetching odds data from API...[/cyan]   oddsAPI.py:973
           INFO     [cyan]Fetching odds data for                   oddsAPI.py:67
                    basketball_ncaab[/cyan]                                     
           INFO                                                    oddsAPI.py:74
                    [cyan]Sample raw timestamps from API:[/cyan]                
           INFO     Game: Queens University Royals @ Winthrop      oddsAPI.py:76
                    Eagles                                                      
           INFO     Raw timestamp: 2025-11-03T13:00:00Z            oddsAPI.py:77
           INFO     Game: Bradley Braves @ St. Bonaventure Bonnies oddsAPI.py:76
           INFO     Raw timestamp: 2025-11-03T16:00:00Z            oddsAPI.py:77
           INFO     Game: Omaha Mavericks @ Murray St Racers       oddsAPI.py:76
           INFO     Raw timestamp: 2025-11-03T18:30:00Z            oddsAPI.py:77
           INFO     [cyan]Filtered to 71 upcoming games[/cyan]     oddsAPI.py:82
                      OddsAPI Request (71 upcoming games)                       
       ╷         ╷                                                              
  Date │ Time    │ Matchup                                                      
╶──────┼─────────┼─────────────────────────────────────────────────────────────╴
  11-… │ 8:00am  │ Queens University Royals @ Winthrop Eagles                   
  11-… │ 11:00am │ Bradley Braves @ St. Bonaventure Bonnies                     
  11-… │ 1:30pm  │ Omaha Mavericks @ Murray St Racers                           
  11-… │ 4:00pm  │ Northern Arizona Lumberjacks @ Drake Bulldogs                
  11-… │ 6:30pm  │ Southern Miss Golden Eagles @ Buffalo Bulls                  
  11-… │ 6:30pm  │ Coppin St Eagles @ Maryland Terrapins                        
  11-… │ 6:30pm  │ Georgia St Panthers @ Eastern Michigan Eagles                
  11-… │ 6:30pm  │ IUPUI Jaguars @ Ohio State Buckeyes                          
  11-… │ 6:30pm  │ Quinnipiac Bobcats @ St. John's Red Storm                    
  11-… │ 7:00pm  │ James Madison Dukes @ Akron Zips                             
  11-… │ 7:00pm  │ Appalachian St Mountaineers @ Central Michigan Chippewas     
  11-… │ 7:00pm  │ Florida Gators @ Arizona Wildcats                            
  11-… │ 7:00pm  │ Southern Jaguars @ Arkansas Razorbacks                       
  11-… │ 7:00pm  │ Arkansas St Red Wolves @ Ohio Bobcats                        
  11-… │ 7:00pm  │ Louisiana Ragin' Cajuns @ Ball State Cardinals               
  11-… │ 7:00pm  │ Boston College Eagles @ Florida Atlantic Owls                
  11-… │ 7:00pm  │ Texas State Bobcats @ Bowling Green Falcons                  
  11-… │ 7:00pm  │ Canisius Golden Griffins @ Dayton Flyers                     
  11-… │ 7:00pm  │ Central Arkansas Bears @ North Carolina Tar Heels            
  11-… │ 7:00pm  │ Western Carolina Catamounts @ Cincinnati Bearcats            
  11-… │ 7:00pm  │ Coastal Carolina Chanticleers @ Western Michigan Broncos     
  11-… │ 7:00pm  │ Colgate Raiders @ Michigan St Spartans                       
  11-… │ 7:00pm  │ Niagara Purple Eagles @ Duquesne Dukes                       
  11-… │ 7:00pm  │ Fairfield Stags @ Penn State Nittany Lions                   
  11-… │ 7:00pm  │ Wofford Terriers @ George Mason Patriots                     
  11-… │ 7:00pm  │ Troy Trojans @ Kent State Golden Flashes                     
  11-… │ 7:00pm  │ Marshall Thundering Herd @ Massachusetts Minutemen           
  11-… │ 7:00pm  │ Mercer Bears @ Tennessee Volunteers                          
  11-… │ 7:00pm  │ Old Dominion Monarchs @ Miami (OH) RedHawks                  
  11-… │ 7:00pm  │ Youngstown St Penguins @ Pittsburgh Panthers                 
  11-… │ 7:00pm  │ Rider Broncs @ Virginia Cavaliers                            
  11-… │ 7:00pm  │ South Alabama Jaguars @ Toledo Rockets                       
  11-… │ 7:15pm  │ Marist Red Foxes @ Xavier Musketeers                         
  11-… │ 7:30pm  │ Air Force Falcons @ Belmont Bruins                           
  11-… │ 7:30pm  │ Saint Peter's Peacocks @ Seton Hall Pirates                  
  11-… │ 7:30pm  │ Tennessee Tech Golden Eagles @ Western Kentucky Hilltoppers  
  11-… │ 8:00pm  │ North Dakota Fighting Hawks @ Alabama Crimson Tide           
  11-… │ 8:00pm  │ Bethune-Cookman Wildcats @ Auburn Tigers                     
  11-… │ 8:00pm  │ UT Rio Grande Valley Vaqueros @ Baylor Bears                 
  11-… │ 8:00pm  │ Campbell Fighting Camels @ Wisconsin Badgers                 
  11-… │ 8:00pm  │ Indiana St Sycamores @ Charlotte 49ers                       
  11-… │ 8:00pm  │ Cleveland St Vikings @ Loyola (Chi) Ramblers                 
  11-… │ 8:00pm  │ Detroit Mercy Titans @ UIC Flames                            
  11-… │ 8:00pm  │ Fairleigh Dickinson Knights @ Iowa State Cyclones            
  11-… │ 8:00pm  │ Green Bay Phoenix @ Kansas Jayhawks                          
  11-… │ 8:00pm  │ Hampton Pirates @ Milwaukee Panthers                         
  11-… │ 8:00pm  │ Hofstra Pride @ UCF Knights                                  
  11-… │ 8:00pm  │ Lehigh Mountain Hawks @ Houston Cougars                      
  11-… │ 8:00pm  │ Lipscomb Bisons @ Vanderbilt Commodores                      
  11-… │ 8:00pm  │ UL Monroe Warhawks @ Northern Illinois Huskies               
  11-… │ 8:00pm  │ Tarleton State Texans @ SMU Mustangs                         
  11-… │ 8:00pm  │ SE Missouri St Redhawks @ Saint Louis Billikens              
  11-… │ 8:30pm  │ Jackson St Tigers @ Illinois Fighting Illini                 
  11-… │ 8:30pm  │ Oakland Golden Grizzlies @ Michigan Wolverines               
  11-… │ 8:30pm  │ Samford Bulldogs @ Tulane Green Wave                         
  11-… │ 8:30pm  │ Utah Tech Trailblazers @ South Dakota Coyotes                
  11-… │ 9:00pm  │ Montana St Bobcats @ Colorado Buffaloes                      
  11-… │ 9:00pm  │ Fort Wayne Mastodons @ Grand Canyon Antelopes                
  11-… │ 9:00pm  │ Texas Southern Tigers @ Gonzaga Bulldogs                     
  11-… │ 9:00pm  │ South Carolina St Bulldogs @ Louisville Cardinals            
  11-… │ 9:00pm  │ San José St Spartans @ Utah Utes                             
  11-… │ 9:30pm  │ Villanova Wildcats @ BYU Cougars                             
  11-… │ 9:30pm  │ Cal Poly Mustangs @ USC Trojans                              
  11-… │ 9:30pm  │ Idaho Vandals @ Washington St Cougars                        
  11-… │ 9:30pm  │ North Dakota St Bison @ Oregon St Beavers                    
  11-… │ 10:00pm │ CSU Bakersfield Roadrunners @ California Golden Bears        
  11-… │ 10:00pm │ Denver Pioneers @ Seattle Redhawks                           
  11-… │ 10:00pm │ St. Thomas (MN) Tommies @ Saint Mary's Gaels                 
  11-… │ 10:30pm │ Eastern Washington Eagles @ UCLA Bruins                      
       │         │ ──────────────────────────────────────────────────────────…  
  11-… │ 8:45pm  │ Texas Longhorns @ Duke Blue Devils                           
       │         │ ──────────────────────────────────────────────────────────…  
  11-… │ 7:00pm  │ Kansas Jayhawks @ North Carolina Tar Heels                   
       ╵         ╵                                                              
           INFO     [green]✓[/green] Successfully fetched 71      oddsAPI.py:131
                    upcoming games from Odds API                                
           INFO     [yellow]⚠[/yellow] Skipping game              oddsAPI.py:249
                    2025-11-04T01:00:00Z_Auburn                                 
                    Tigers_vs_Bethune-Cookman Wildcats due to                   
                    missing moneyline prices                                    
           INFO     [yellow]⚠[/yellow] Skipping game              oddsAPI.py:249
                    2025-11-04T00:00:00Z_North Carolina Tar                     
                    Heels_vs_Central Arkansas Bears due to                      
                    missing moneyline prices                                    
           INFO     [yellow]⚠[/yellow] Skipping game              oddsAPI.py:249
                    2025-11-04T01:30:00Z_Illinois Fighting                      
                    Illini_vs_Jackson St Tigers due to missing                  
                    moneyline prices                                            
           INFO     [yellow]⚠[/yellow] Skipping game              oddsAPI.py:249
                    2025-11-04T02:00:00Z_Louisville                             
                    Cardinals_vs_South Carolina St Bulldogs due                 
                    to missing moneyline prices                                 
           INFO     [yellow]⚠[/yellow] Skipping game              oddsAPI.py:249
                    2025-11-03T23:30:00Z_Maryland                               
                    Terrapins_vs_Coppin St Eagles due to missing                
                    moneyline prices                                            
           INFO     [yellow]⚠[/yellow] Skipping game              oddsAPI.py:249
                    2025-11-04T01:00:00Z_Iowa State                             
                    Cyclones_vs_Fairleigh Dickinson Knights due                 
                    to missing moneyline prices                                 
           INFO     [yellow]⚠[/yellow] Skipping game              oddsAPI.py:249
                    2025-11-04T02:00:00Z_Gonzaga                                
                    Bulldogs_vs_Texas Southern Tigers due to                    
                    missing moneyline prices                                    
           INFO     [yellow]⚠[/yellow] Skipping game              oddsAPI.py:249
                    2025-11-04T01:00:00Z_Houston                                
                    Cougars_vs_Lehigh Mountain Hawks due to                     
                    missing moneyline prices                                    
           INFO     [yellow]⚠[/yellow] Skipping game              oddsAPI.py:249
                    2025-11-04T00:00:00Z_Arkansas                               
                    Razorbacks_vs_Southern Jaguars due to missing               
                    moneyline prices                                            
           INFO                                                   oddsAPI.py:471
                    [cyan]Sample Game Times from                                
                    moneyline_df:[/cyan]                                        
                    0    2025-11-04T00:00:00Z                                   
                    1    2025-11-04T00:00:00Z                                   
                    2    2025-11-04T00:00:00Z                                   
                    3    2025-11-04T00:00:00Z                                   
                    4    2025-11-04T01:00:00Z                                   
                    Name: Game Time, dtype: object                              
           INFO     [cyan]Processing spread odds from API         oddsAPI.py:309
                    data[/cyan]                                                 
           INFO                                                   oddsAPI.py:475
                    [cyan]Sample Game Times from                                
                    spreads_df:[/cyan]                                          
                    0    2025-11-03T13:00:00Z                                   
                    1    2025-11-03T13:00:00Z                                   
                    2    2025-11-03T16:00:00Z                                   
                    3    2025-11-03T16:00:00Z                                   
                    4    2025-11-03T18:30:00Z                                   
                    Name: Game Time, dtype: object                              
           INFO                                                   oddsAPI.py:478
                    [cyan]Sample Game Times from                                
                    totals_df:[/cyan]                                           
                    0    2025-11-03T13:00:00Z                                   
                    1    2025-11-03T16:00:00Z                                   
                    2    2025-11-03T18:30:00Z                                   
                    3    2025-11-03T21:00:02Z                                   
                    4    2025-11-03T23:30:00Z                                   
                    Name: Game Time, dtype: object                              
           INFO                                                   oddsAPI.py:487
                    [cyan]Sample Game Times after first                         
                    merge:[/cyan]                                               
                    0    2025-11-03T13:00:00Z                                   
                    1    2025-11-03T13:00:00Z                                   
                    2    2025-11-03T16:00:00Z                                   
                    3    2025-11-03T16:00:00Z                                   
                    4    2025-11-03T18:30:00Z                                   
                    Name: Game Time, dtype: object                              
           INFO                                                   oddsAPI.py:495
                    [cyan]Sample Game Times after second                        
                    merge:[/cyan]                                               
                    0    2025-11-03T13:00:00Z                                   
                    1    2025-11-03T13:00:00Z                                   
                    2    2025-11-03T16:00:00Z                                   
                    3    2025-11-03T16:00:00Z                                   
                    4    2025-11-03T18:30:00Z                                   
                    Name: Game Time, dtype: object                              
           INFO                                                   oddsAPI.py:516
                    [cyan]Sample Game Times before                              
                    conversion:[/cyan]                                          
                    0    2025-11-03T13:00:00Z                                   
                    1    2025-11-03T13:00:00Z                                   
                    2    2025-11-03T16:00:00Z                                   
                    3    2025-11-03T16:00:00Z                                   
                    4    2025-11-03T18:30:00Z                                   
                    Name: Game Time, dtype: object                              
           INFO                                                   oddsAPI.py:520
                    [cyan]Sample Game Times after datetime                      
                    conversion:[/cyan]                                          
                    0   2025-11-03 08:00:00-05:00                               
                    1   2025-11-03 08:00:00-05:00                               
                    2   2025-11-03 11:00:00-05:00                               
                    3   2025-11-03 11:00:00-05:00                               
                    4   2025-11-03 13:30:00-05:00                               
                    Name: Game Time, dtype: datetime64[ns,                      
                    US/Eastern]                                                 
           INFO                                                   oddsAPI.py:524
                    [cyan]Sample Game Times after                               
                    formatting:[/cyan]                                          
                    0    Nov 03 08:00AM ET                                      
                    1    Nov 03 08:00AM ET                                      
                    2    Nov 03 11:00AM ET                                      
                    3    Nov 03 11:00AM ET                                      
                    4    Nov 03 01:30PM ET                                      
                    Name: Game Time, dtype: object                              
           INFO     [green]✓[/green] Successfully fetched odds    oddsAPI.py:980
                    data with 142 rows                                          
           INFO     [green]✓[/green] Saved raw odds data to       oddsAPI.py:985
                    /Users/jlove/Documents/march-mad/cbb/data/odd               
                    sapi_raw.csv                                                
           INFO     [cyan]Merging odds data with combined         oddsAPI.py:988
                    data...[/cyan]                                              
           INFO     [cyan]Loading combined data from              oddsAPI.py:535
                    CSV...[/cyan]                                               
           INFO     [green]✓[/green] Loaded combined data with    oddsAPI.py:544
                    shape: (1024, 16)                                           
           INFO                                                   oddsAPI.py:547
                    [cyan]Preview of combined_data.csv:[/cyan]                  
           INFO     Columns: Home Team, Away Team, Team, Game     oddsAPI.py:548
                    Date, spread_kenpom, win_prob_kenpom,                       
                    projected_total_kenpom, spread_evanmiya,                    
                    win_prob_evanmiya, projected_total_evanmiya                 
           INFO     First few teams: ['Alabama Crimson Tide',     oddsAPI.py:549
                    'Kentucky Wildcats', 'Kentucky Wildcats',                   
                    'Alabama Crimson Tide', 'Texas Tech Red                     
                    Raiders']                                                   
           INFO                                                   oddsAPI.py:551
                    [cyan]Preview of odds data:[/cyan]                          
           INFO     Columns: Game, Game Time, Home Team, Away     oddsAPI.py:552
                    Team, Team, Moneyline, Devigged Probability,                
                    Opening Spread, Spread Price, Projected                     
                    Total, Over Point, Over Price, Under Point,                 
                    Under Price                                                 
           INFO     First few teams: ['Murray St Racers', 'Omaha  oddsAPI.py:553
                    Mavericks', 'Drake Bulldogs', 'Northern                     
                    Arizona Lumberjacks', 'Coppin St Eagles']                   
           INFO     [cyan]Attempting merge with original team     oddsAPI.py:556
                    ordering...[/cyan]                                          
           INFO     Original ordering matches: 232                oddsAPI.py:564
           INFO     [cyan]Creating swapped team version...[/cyan] oddsAPI.py:567
           INFO     [cyan]Attempting merge with swapped team      oddsAPI.py:576
                    ordering...[/cyan]                                          
           INFO     Swapped ordering matches: 232                 oddsAPI.py:584
           INFO     [green]✓[/green] Using original team ordering oddsAPI.py:591
                    (more matches)                                              
           INFO     [green]✓[/green] Merged data has shape:       oddsAPI.py:593
                    (1024, 27)                                                  
           INFO     [cyan]Successfully matched odds for 232 /     oddsAPI.py:595
                    1024 rows[/cyan]                                            
           INFO     [cyan]Processing final dataframe with lookup  oddsAPI.py:604
                    tables...[/cyan]                                            
           INFO     [cyan]Loading spreads lookup data from        oddsAPI.py:629
                    /Users/jlove/Documents/march-mad/cbb/data/spr               
                    eads_lookup.csv[/cyan]                                      
           INFO     [green]✓[/green] Successfully applied spreads oddsAPI.py:663
                    lookup                                                      
           INFO     [cyan]Loading totals lookup data from         oddsAPI.py:708
                    /Users/jlove/Documents/march-mad/cbb/data/tot               
                    als_lookup.csv[/cyan]                                       
           INFO     [green]✓[/green] Successfully applied totals  oddsAPI.py:731
                    lookup                                                      
           INFO     [cyan]Final shape after handling missing      oddsAPI.py:780
                    devigged probabilities:[/cyan] (381, 57)                    
           INFO     [cyan]Calculating consensus flags...[/cyan]   oddsAPI.py:783
           INFO     [green]✓[/green] Consensus flags calculated   oddsAPI.py:788
           INFO     [green]✓[/green] Final dataframe processing   oddsAPI.py:814
                    complete                                                    
           INFO     [green]✓[/green] Saved final combined data   oddsAPI.py:1001
                    to                                                          
                    /Users/jlove/Documents/march-mad/cbb/data/fi                
                    nal_combined_data.csv                                       
           INFO     === OddsAPI ETL process completed            oddsAPI.py:1003
                    successfully ===                                            
           INFO     [green]✓[/green] Final data shape: (381, 41) oddsAPI.py:1015
           INFO     [green]✓[/green] Final data saved to:        oddsAPI.py:1016
                    /Users/jlove/Documents/march-mad/cbb/data/fi                
                    nal_combined_data.csv                                       
           INFO     [green]✓[/green] CSV output saved to:        oddsAPI.py:1020
                    CBB_Output.csv                                              
           INFO     === OddsAPI script completed successfully    oddsAPI.py:1032
                    ===                                                         
OddsAPI script completed successfully
=== All scrapers and transformers completed successfully ===
Files created/updated:
- /Users/jlove/Documents/march-mad/cbb/data/em.csv
- /Users/jlove/Documents/march-mad/cbb/data/kp.csv
- /Users/jlove/Documents/march-mad/cbb/data/em_mapped.csv
- /Users/jlove/Documents/march-mad/cbb/data/kp_mapped.csv
- /Users/jlove/Documents/march-mad/cbb/data/bt_mapped.csv
- /Users/jlove/Documents/march-mad/cbb/data/hasla_mapped.csv
- /Users/jlove/Documents/march-mad/cbb/data/combined_data.csv
- /Users/jlove/Documents/march-mad/cbb/data/final_combined_data.csv (includes spread/total probabilities from lookup tables)
- CBB_Output.csv
